Performing Curl Test HAVE_FCNTL_O_NONBLOCK failed with the following output:
Change Dir: 'C:/Users/Baptiste Ramonda/Documents/GitHub/multithreading/build/CMakeFiles/CMakeTmp'

Run Build Command(s): C:/Users/BAPTIS~1/ANACON~1/Library/bin/ninja.exe -v cmTC_001c2
[1/2] C:\msys64\mingw64\bin\cc.exe   -pedantic -Wall -W -Wpointer-arith -Wwrite-strings -Wunused -Wshadow -Winline -Wnested-externs -Wmissing-declarations -Wmissing-prototypes -Wfloat-equal -Wsign-compare -Wundef -Wendif-labels -Wstrict-prototypes -Wdeclaration-after-statement -Wstrict-aliasing=3 -Wcast-align -Wtype-limits -Wold-style-declaration -Wmissing-parameter-type -Wempty-body -Wclobbered -Wignored-qualifiers -Wconversion -Wvla -Wdouble-promotion -Wno-long-long -Wno-multichar -Wno-format-nonliteral -Wno-sign-conversion -Wno-system-headers -Wno-pedantic-ms-format -DHAVE_FCNTL_O_NONBLOCK  -DHAVE_LIBSSH2_H -DHAVE_WINDOWS_H -DHAVE_WS2TCPIP_H -DHAVE_WINSOCK2_H -DHAVE_WINCRYPT_H -DHAVE_STDIO_H -DHAVE_SYS_STAT_H -DHAVE_SYS_TYPES_H -DHAVE_SYS_UTIME_H -DHAVE_ASSERT_H -DHAVE_ERRNO_H -DHAVE_FCNTL_H -DHAVE_IO_H -DHAVE_LIBGEN_H -DHAVE_LOCALE_H -DHAVE_SETJMP_H -DHAVE_SIGNAL_H -DHAVE_STDBOOL_H -DHAVE_STDIO_H -DHAVE_STDLIB_H -DHAVE_STRING_H -DHAVE_TIME_H -DHAVE_PROCESS_H -DHAVE_STDDEF_H -DHAVE_MALLOC_H -DHAVE_MEMORY_H -o CMakeFiles/cmTC_001c2.dir/CurlTests.c.obj -c "C:/Users/Baptiste Ramonda/Documents/GitHub/multithreading/build/_deps/curl-src/CMake/CurlTests.c"
FAILED: CMakeFiles/cmTC_001c2.dir/CurlTests.c.obj 
C:\msys64\mingw64\bin\cc.exe   -pedantic -Wall -W -Wpointer-arith -Wwrite-strings -Wunused -Wshadow -Winline -Wnested-externs -Wmissing-declarations -Wmissing-prototypes -Wfloat-equal -Wsign-compare -Wundef -Wendif-labels -Wstrict-prototypes -Wdeclaration-after-statement -Wstrict-aliasing=3 -Wcast-align -Wtype-limits -Wold-style-declaration -Wmissing-parameter-type -Wempty-body -Wclobbered -Wignored-qualifiers -Wconversion -Wvla -Wdouble-promotion -Wno-long-long -Wno-multichar -Wno-format-nonliteral -Wno-sign-conversion -Wno-system-headers -Wno-pedantic-ms-format -DHAVE_FCNTL_O_NONBLOCK  -DHAVE_LIBSSH2_H -DHAVE_WINDOWS_H -DHAVE_WS2TCPIP_H -DHAVE_WINSOCK2_H -DHAVE_WINCRYPT_H -DHAVE_STDIO_H -DHAVE_SYS_STAT_H -DHAVE_SYS_TYPES_H -DHAVE_SYS_UTIME_H -DHAVE_ASSERT_H -DHAVE_ERRNO_H -DHAVE_FCNTL_H -DHAVE_IO_H -DHAVE_LIBGEN_H -DHAVE_LOCALE_H -DHAVE_SETJMP_H -DHAVE_SIGNAL_H -DHAVE_STDBOOL_H -DHAVE_STDIO_H -DHAVE_STDLIB_H -DHAVE_STRING_H -DHAVE_TIME_H -DHAVE_PROCESS_H -DHAVE_STDDEF_H -DHAVE_MALLOC_H -DHAVE_MEMORY_H -o CMakeFiles/cmTC_001c2.dir/CurlTests.c.obj -c "C:/Users/Baptiste Ramonda/Documents/GitHub/multithreading/build/_deps/curl-src/CMake/CurlTests.c"
C:/Users/Baptiste Ramonda/Documents/GitHub/multithreading/build/_deps/curl-src/CMake/CurlTests.c:64:1: warning: function declaration isn't a prototype [-Wstrict-prototypes]
   64 | main ()
      | ^~~~
C:/Users/Baptiste Ramonda/Documents/GitHub/multithreading/build/_deps/curl-src/CMake/CurlTests.c: In function 'main':
C:/Users/Baptiste Ramonda/Documents/GitHub/multithreading/build/_deps/curl-src/CMake/CurlTests.c:68:15: warning: implicit declaration of function 'fcntl' [-Wimplicit-function-declaration]
   68 |       if(0 != fcntl(0, F_SETFL, flags | O_NONBLOCK))
      |               ^~~~~
C:/Users/Baptiste Ramonda/Documents/GitHub/multithreading/build/_deps/curl-src/CMake/CurlTests.c:68:15: warning: nested extern declaration of 'fcntl' [-Wnested-externs]
C:/Users/Baptiste Ramonda/Documents/GitHub/multithreading/build/_deps/curl-src/CMake/CurlTests.c:68:24: error: 'F_SETFL' undeclared (first use in this function)
   68 |       if(0 != fcntl(0, F_SETFL, flags | O_NONBLOCK))
      |                        ^~~~~~~
C:/Users/Baptiste Ramonda/Documents/GitHub/multithreading/build/_deps/curl-src/CMake/CurlTests.c:68:24: note: each undeclared identifier is reported only once for each function it appears in
C:/Users/Baptiste Ramonda/Documents/GitHub/multithreading/build/_deps/curl-src/CMake/CurlTests.c:68:41: error: 'O_NONBLOCK' undeclared (first use in this function)
   68 |       if(0 != fcntl(0, F_SETFL, flags | O_NONBLOCK))
      |                                         ^~~~~~~~~~
ninja: build stopped: subcommand failed.


Performing Curl Test HAVE_IOCTLSOCKET_CAMEL failed with the following output:
Change Dir: 'C:/Users/Baptiste Ramonda/Documents/GitHub/multithreading/build/CMakeFiles/CMakeTmp'

Run Build Command(s): C:/Users/BAPTIS~1/ANACON~1/Library/bin/ninja.exe -v cmTC_88b63
[1/2] C:\msys64\mingw64\bin\cc.exe   -pedantic -Wall -W -Wpointer-arith -Wwrite-strings -Wunused -Wshadow -Winline -Wnested-externs -Wmissing-declarations -Wmissing-prototypes -Wfloat-equal -Wsign-compare -Wundef -Wendif-labels -Wstrict-prototypes -Wdeclaration-after-statement -Wstrict-aliasing=3 -Wcast-align -Wtype-limits -Wold-style-declaration -Wmissing-parameter-type -Wempty-body -Wclobbered -Wignored-qualifiers -Wconversion -Wvla -Wdouble-promotion -Wno-long-long -Wno-multichar -Wno-format-nonliteral -Wno-sign-conversion -Wno-system-headers -Wno-pedantic-ms-format -DHAVE_IOCTLSOCKET_CAMEL  -DHAVE_LIBSSH2_H -DHAVE_WINDOWS_H -DHAVE_WS2TCPIP_H -DHAVE_WINSOCK2_H -DHAVE_WINCRYPT_H -DHAVE_STDIO_H -DHAVE_SYS_STAT_H -DHAVE_SYS_TYPES_H -DHAVE_SYS_UTIME_H -DHAVE_ASSERT_H -DHAVE_ERRNO_H -DHAVE_FCNTL_H -DHAVE_IO_H -DHAVE_LIBGEN_H -DHAVE_LOCALE_H -DHAVE_SETJMP_H -DHAVE_SIGNAL_H -DHAVE_STDBOOL_H -DHAVE_STDIO_H -DHAVE_STDLIB_H -DHAVE_STRING_H -DHAVE_TIME_H -DHAVE_PROCESS_H -DHAVE_STDDEF_H -DHAVE_MALLOC_H -DHAVE_MEMORY_H -o CMakeFiles/cmTC_88b63.dir/CurlTests.c.obj -c "C:/Users/Baptiste Ramonda/Documents/GitHub/multithreading/build/_deps/curl-src/CMake/CurlTests.c"
C:/Users/Baptiste Ramonda/Documents/GitHub/multithreading/build/_deps/curl-src/CMake/CurlTests.c:261:1: warning: function declaration isn't a prototype [-Wstrict-prototypes]
  261 | main ()
      | ^~~~
C:/Users/Baptiste Ramonda/Documents/GitHub/multithreading/build/_deps/curl-src/CMake/CurlTests.c: In function 'main':
C:/Users/Baptiste Ramonda/Documents/GitHub/multithreading/build/_deps/curl-src/CMake/CurlTests.c:265:13: warning: implicit declaration of function 'IoctlSocket'; did you mean 'ioctlsocket'? [-Wimplicit-function-declaration]
  265 |     if(0 != IoctlSocket(0, 0, 0))
      |             ^~~~~~~~~~~
      |             ioctlsocket
C:/Users/Baptiste Ramonda/Documents/GitHub/multithreading/build/_deps/curl-src/CMake/CurlTests.c:265:13: warning: nested extern declaration of 'IoctlSocket' [-Wnested-externs]
[2/2] cmd.exe /C "cd . && C:\msys64\mingw64\bin\cc.exe -pedantic -Wall -W -Wpointer-arith -Wwrite-strings -Wunused -Wshadow -Winline -Wnested-externs -Wmissing-declarations -Wmissing-prototypes -Wfloat-equal -Wsign-compare -Wundef -Wendif-labels -Wstrict-prototypes -Wdeclaration-after-statement -Wstrict-aliasing=3 -Wcast-align -Wtype-limits -Wold-style-declaration -Wmissing-parameter-type -Wempty-body -Wclobbered -Wignored-qualifiers -Wconversion -Wvla -Wdouble-promotion -Wno-long-long -Wno-multichar -Wno-format-nonliteral -Wno-sign-conversion -Wno-system-headers -Wno-pedantic-ms-format -DHAVE_IOCTLSOCKET_CAMEL  -DHAVE_LIBSSH2_H -DHAVE_WINDOWS_H -DHAVE_WS2TCPIP_H -DHAVE_WINSOCK2_H -DHAVE_WINCRYPT_H -DHAVE_STDIO_H -DHAVE_SYS_STAT_H -DHAVE_SYS_TYPES_H -DHAVE_SYS_UTIME_H -DHAVE_ASSERT_H -DHAVE_ERRNO_H -DHAVE_FCNTL_H -DHAVE_IO_H -DHAVE_LIBGEN_H -DHAVE_LOCALE_H -DHAVE_SETJMP_H -DHAVE_SIGNAL_H -DHAVE_STDBOOL_H -DHAVE_STDIO_H -DHAVE_STDLIB_H -DHAVE_STRING_H -DHAVE_TIME_H -DHAVE_PROCESS_H -DHAVE_STDDEF_H -DHAVE_MALLOC_H -DHAVE_MEMORY_H  CMakeFiles/cmTC_88b63.dir/CurlTests.c.obj -o cmTC_88b63.exe -Wl,--out-implib,libcmTC_88b63.dll.a -Wl,--major-image-version,0,--minor-image-version,0  -lws2_32  -lkernel32 -luser32 -lgdi32 -lwinspool -lshell32 -lole32 -loleaut32 -luuid -lcomdlg32 -ladvapi32 && cd ."
FAILED: cmTC_88b63.exe 
cmd.exe /C "cd . && C:\msys64\mingw64\bin\cc.exe -pedantic -Wall -W -Wpointer-arith -Wwrite-strings -Wunused -Wshadow -Winline -Wnested-externs -Wmissing-declarations -Wmissing-prototypes -Wfloat-equal -Wsign-compare -Wundef -Wendif-labels -Wstrict-prototypes -Wdeclaration-after-statement -Wstrict-aliasing=3 -Wcast-align -Wtype-limits -Wold-style-declaration -Wmissing-parameter-type -Wempty-body -Wclobbered -Wignored-qualifiers -Wconversion -Wvla -Wdouble-promotion -Wno-long-long -Wno-multichar -Wno-format-nonliteral -Wno-sign-conversion -Wno-system-headers -Wno-pedantic-ms-format -DHAVE_IOCTLSOCKET_CAMEL  -DHAVE_LIBSSH2_H -DHAVE_WINDOWS_H -DHAVE_WS2TCPIP_H -DHAVE_WINSOCK2_H -DHAVE_WINCRYPT_H -DHAVE_STDIO_H -DHAVE_SYS_STAT_H -DHAVE_SYS_TYPES_H -DHAVE_SYS_UTIME_H -DHAVE_ASSERT_H -DHAVE_ERRNO_H -DHAVE_FCNTL_H -DHAVE_IO_H -DHAVE_LIBGEN_H -DHAVE_LOCALE_H -DHAVE_SETJMP_H -DHAVE_SIGNAL_H -DHAVE_STDBOOL_H -DHAVE_STDIO_H -DHAVE_STDLIB_H -DHAVE_STRING_H -DHAVE_TIME_H -DHAVE_PROCESS_H -DHAVE_STDDEF_H -DHAVE_MALLOC_H -DHAVE_MEMORY_H  CMakeFiles/cmTC_88b63.dir/CurlTests.c.obj -o cmTC_88b63.exe -Wl,--out-implib,libcmTC_88b63.dll.a -Wl,--major-image-version,0,--minor-image-version,0  -lws2_32  -lkernel32 -luser32 -lgdi32 -lwinspool -lshell32 -lole32 -loleaut32 -luuid -lcomdlg32 -ladvapi32 && cd ."
C:/msys64/mingw64/bin/../lib/gcc/x86_64-w64-mingw32/12.2.0/../../../../x86_64-w64-mingw32/bin/ld.exe: CMakeFiles/cmTC_88b63.dir/CurlTests.c.obj:CurlTests.c:(.text+0x1e): undefined reference to `IoctlSocket'
collect2.exe: error: ld returned 1 exit status
ninja: build stopped: subcommand failed.


Performing Curl Test HAVE_IOCTLSOCKET_CAMEL_FIONBIO failed with the following output:
Change Dir: 'C:/Users/Baptiste Ramonda/Documents/GitHub/multithreading/build/CMakeFiles/CMakeTmp'

Run Build Command(s): C:/Users/BAPTIS~1/ANACON~1/Library/bin/ninja.exe -v cmTC_a266c
[1/2] C:\msys64\mingw64\bin\cc.exe   -pedantic -Wall -W -Wpointer-arith -Wwrite-strings -Wunused -Wshadow -Winline -Wnested-externs -Wmissing-declarations -Wmissing-prototypes -Wfloat-equal -Wsign-compare -Wundef -Wendif-labels -Wstrict-prototypes -Wdeclaration-after-statement -Wstrict-aliasing=3 -Wcast-align -Wtype-limits -Wold-style-declaration -Wmissing-parameter-type -Wempty-body -Wclobbered -Wignored-qualifiers -Wconversion -Wvla -Wdouble-promotion -Wno-long-long -Wno-multichar -Wno-format-nonliteral -Wno-sign-conversion -Wno-system-headers -Wno-pedantic-ms-format -DHAVE_IOCTLSOCKET_CAMEL_FIONBIO  -DHAVE_LIBSSH2_H -DHAVE_WINDOWS_H -DHAVE_WS2TCPIP_H -DHAVE_WINSOCK2_H -DHAVE_WINCRYPT_H -DHAVE_STDIO_H -DHAVE_SYS_STAT_H -DHAVE_SYS_TYPES_H -DHAVE_SYS_UTIME_H -DHAVE_ASSERT_H -DHAVE_ERRNO_H -DHAVE_FCNTL_H -DHAVE_IO_H -DHAVE_LIBGEN_H -DHAVE_LOCALE_H -DHAVE_SETJMP_H -DHAVE_SIGNAL_H -DHAVE_STDBOOL_H -DHAVE_STDIO_H -DHAVE_STDLIB_H -DHAVE_STRING_H -DHAVE_TIME_H -DHAVE_PROCESS_H -DHAVE_STDDEF_H -DHAVE_MALLOC_H -DHAVE_MEMORY_H -o CMakeFiles/cmTC_a266c.dir/CurlTests.c.obj -c "C:/Users/Baptiste Ramonda/Documents/GitHub/multithreading/build/_deps/curl-src/CMake/CurlTests.c"
C:/Users/Baptiste Ramonda/Documents/GitHub/multithreading/build/_deps/curl-src/CMake/CurlTests.c:284:1: warning: function declaration isn't a prototype [-Wstrict-prototypes]
  284 | main ()
      | ^~~~
C:/Users/Baptiste Ramonda/Documents/GitHub/multithreading/build/_deps/curl-src/CMake/CurlTests.c: In function 'main':
C:/Users/Baptiste Ramonda/Documents/GitHub/multithreading/build/_deps/curl-src/CMake/CurlTests.c:289:17: warning: implicit declaration of function 'IoctlSocket'; did you mean 'ioctlsocket'? [-Wimplicit-function-declaration]
  289 |         if(0 != IoctlSocket(0, FIONBIO, &flags))
      |                 ^~~~~~~~~~~
      |                 ioctlsocket
C:/Users/Baptiste Ramonda/Documents/GitHub/multithreading/build/_deps/curl-src/CMake/CurlTests.c:289:17: warning: nested extern declaration of 'IoctlSocket' [-Wnested-externs]
[2/2] cmd.exe /C "cd . && C:\msys64\mingw64\bin\cc.exe -pedantic -Wall -W -Wpointer-arith -Wwrite-strings -Wunused -Wshadow -Winline -Wnested-externs -Wmissing-declarations -Wmissing-prototypes -Wfloat-equal -Wsign-compare -Wundef -Wendif-labels -Wstrict-prototypes -Wdeclaration-after-statement -Wstrict-aliasing=3 -Wcast-align -Wtype-limits -Wold-style-declaration -Wmissing-parameter-type -Wempty-body -Wclobbered -Wignored-qualifiers -Wconversion -Wvla -Wdouble-promotion -Wno-long-long -Wno-multichar -Wno-format-nonliteral -Wno-sign-conversion -Wno-system-headers -Wno-pedantic-ms-format -DHAVE_IOCTLSOCKET_CAMEL_FIONBIO  -DHAVE_LIBSSH2_H -DHAVE_WINDOWS_H -DHAVE_WS2TCPIP_H -DHAVE_WINSOCK2_H -DHAVE_WINCRYPT_H -DHAVE_STDIO_H -DHAVE_SYS_STAT_H -DHAVE_SYS_TYPES_H -DHAVE_SYS_UTIME_H -DHAVE_ASSERT_H -DHAVE_ERRNO_H -DHAVE_FCNTL_H -DHAVE_IO_H -DHAVE_LIBGEN_H -DHAVE_LOCALE_H -DHAVE_SETJMP_H -DHAVE_SIGNAL_H -DHAVE_STDBOOL_H -DHAVE_STDIO_H -DHAVE_STDLIB_H -DHAVE_STRING_H -DHAVE_TIME_H -DHAVE_PROCESS_H -DHAVE_STDDEF_H -DHAVE_MALLOC_H -DHAVE_MEMORY_H  CMakeFiles/cmTC_a266c.dir/CurlTests.c.obj -o cmTC_a266c.exe -Wl,--out-implib,libcmTC_a266c.dll.a -Wl,--major-image-version,0,--minor-image-version,0  -lws2_32  -lkernel32 -luser32 -lgdi32 -lwinspool -lshell32 -lole32 -loleaut32 -luuid -lcomdlg32 -ladvapi32 && cd ."
FAILED: cmTC_a266c.exe 
cmd.exe /C "cd . && C:\msys64\mingw64\bin\cc.exe -pedantic -Wall -W -Wpointer-arith -Wwrite-strings -Wunused -Wshadow -Winline -Wnested-externs -Wmissing-declarations -Wmissing-prototypes -Wfloat-equal -Wsign-compare -Wundef -Wendif-labels -Wstrict-prototypes -Wdeclaration-after-statement -Wstrict-aliasing=3 -Wcast-align -Wtype-limits -Wold-style-declaration -Wmissing-parameter-type -Wempty-body -Wclobbered -Wignored-qualifiers -Wconversion -Wvla -Wdouble-promotion -Wno-long-long -Wno-multichar -Wno-format-nonliteral -Wno-sign-conversion -Wno-system-headers -Wno-pedantic-ms-format -DHAVE_IOCTLSOCKET_CAMEL_FIONBIO  -DHAVE_LIBSSH2_H -DHAVE_WINDOWS_H -DHAVE_WS2TCPIP_H -DHAVE_WINSOCK2_H -DHAVE_WINCRYPT_H -DHAVE_STDIO_H -DHAVE_SYS_STAT_H -DHAVE_SYS_TYPES_H -DHAVE_SYS_UTIME_H -DHAVE_ASSERT_H -DHAVE_ERRNO_H -DHAVE_FCNTL_H -DHAVE_IO_H -DHAVE_LIBGEN_H -DHAVE_LOCALE_H -DHAVE_SETJMP_H -DHAVE_SIGNAL_H -DHAVE_STDBOOL_H -DHAVE_STDIO_H -DHAVE_STDLIB_H -DHAVE_STRING_H -DHAVE_TIME_H -DHAVE_PROCESS_H -DHAVE_STDDEF_H -DHAVE_MALLOC_H -DHAVE_MEMORY_H  CMakeFiles/cmTC_a266c.dir/CurlTests.c.obj -o cmTC_a266c.exe -Wl,--out-implib,libcmTC_a266c.dll.a -Wl,--major-image-version,0,--minor-image-version,0  -lws2_32  -lkernel32 -luser32 -lgdi32 -lwinspool -lshell32 -lole32 -loleaut32 -luuid -lcomdlg32 -ladvapi32 && cd ."
C:/msys64/mingw64/bin/../lib/gcc/x86_64-w64-mingw32/12.2.0/../../../../x86_64-w64-mingw32/bin/ld.exe: CMakeFiles/cmTC_a266c.dir/CurlTests.c.obj:CurlTests.c:(.text+0x26): undefined reference to `IoctlSocket'
collect2.exe: error: ld returned 1 exit status
ninja: build stopped: subcommand failed.


Performing Curl Test HAVE_IOCTL_FIONBIO failed with the following output:
Change Dir: 'C:/Users/Baptiste Ramonda/Documents/GitHub/multithreading/build/CMakeFiles/CMakeTmp'

Run Build Command(s): C:/Users/BAPTIS~1/ANACON~1/Library/bin/ninja.exe -v cmTC_25b04
[1/2] C:\msys64\mingw64\bin\cc.exe   -pedantic -Wall -W -Wpointer-arith -Wwrite-strings -Wunused -Wshadow -Winline -Wnested-externs -Wmissing-declarations -Wmissing-prototypes -Wfloat-equal -Wsign-compare -Wundef -Wendif-labels -Wstrict-prototypes -Wdeclaration-after-statement -Wstrict-aliasing=3 -Wcast-align -Wtype-limits -Wold-style-declaration -Wmissing-parameter-type -Wempty-body -Wclobbered -Wignored-qualifiers -Wconversion -Wvla -Wdouble-promotion -Wno-long-long -Wno-multichar -Wno-format-nonliteral -Wno-sign-conversion -Wno-system-headers -Wno-pedantic-ms-format -DHAVE_IOCTL_FIONBIO  -DHAVE_LIBSSH2_H -DHAVE_WINDOWS_H -DHAVE_WS2TCPIP_H -DHAVE_WINSOCK2_H -DHAVE_WINCRYPT_H -DHAVE_STDIO_H -DHAVE_SYS_STAT_H -DHAVE_SYS_TYPES_H -DHAVE_SYS_UTIME_H -DHAVE_ASSERT_H -DHAVE_ERRNO_H -DHAVE_FCNTL_H -DHAVE_IO_H -DHAVE_LIBGEN_H -DHAVE_LOCALE_H -DHAVE_SETJMP_H -DHAVE_SIGNAL_H -DHAVE_STDBOOL_H -DHAVE_STDIO_H -DHAVE_STDLIB_H -DHAVE_STRING_H -DHAVE_TIME_H -DHAVE_PROCESS_H -DHAVE_STDDEF_H -DHAVE_MALLOC_H -DHAVE_MEMORY_H -o CMakeFiles/cmTC_25b04.dir/CurlTests.c.obj -c "C:/Users/Baptiste Ramonda/Documents/GitHub/multithreading/build/_deps/curl-src/CMake/CurlTests.c"
FAILED: CMakeFiles/cmTC_25b04.dir/CurlTests.c.obj 
C:\msys64\mingw64\bin\cc.exe   -pedantic -Wall -W -Wpointer-arith -Wwrite-strings -Wunused -Wshadow -Winline -Wnested-externs -Wmissing-declarations -Wmissing-prototypes -Wfloat-equal -Wsign-compare -Wundef -Wendif-labels -Wstrict-prototypes -Wdeclaration-after-statement -Wstrict-aliasing=3 -Wcast-align -Wtype-limits -Wold-style-declaration -Wmissing-parameter-type -Wempty-body -Wclobbered -Wignored-qualifiers -Wconversion -Wvla -Wdouble-promotion -Wno-long-long -Wno-multichar -Wno-format-nonliteral -Wno-sign-conversion -Wno-system-headers -Wno-pedantic-ms-format -DHAVE_IOCTL_FIONBIO  -DHAVE_LIBSSH2_H -DHAVE_WINDOWS_H -DHAVE_WS2TCPIP_H -DHAVE_WINSOCK2_H -DHAVE_WINCRYPT_H -DHAVE_STDIO_H -DHAVE_SYS_STAT_H -DHAVE_SYS_TYPES_H -DHAVE_SYS_UTIME_H -DHAVE_ASSERT_H -DHAVE_ERRNO_H -DHAVE_FCNTL_H -DHAVE_IO_H -DHAVE_LIBGEN_H -DHAVE_LOCALE_H -DHAVE_SETJMP_H -DHAVE_SIGNAL_H -DHAVE_STDBOOL_H -DHAVE_STDIO_H -DHAVE_STDLIB_H -DHAVE_STRING_H -DHAVE_TIME_H -DHAVE_PROCESS_H -DHAVE_STDDEF_H -DHAVE_MALLOC_H -DHAVE_MEMORY_H -o CMakeFiles/cmTC_25b04.dir/CurlTests.c.obj -c "C:/Users/Baptiste Ramonda/Documents/GitHub/multithreading/build/_deps/curl-src/CMake/CurlTests.c"
C:/Users/Baptiste Ramonda/Documents/GitHub/multithreading/build/_deps/curl-src/CMake/CurlTests.c:339:1: warning: function declaration isn't a prototype [-Wstrict-prototypes]
  339 | main ()
      | ^~~~
C:/Users/Baptiste Ramonda/Documents/GitHub/multithreading/build/_deps/curl-src/CMake/CurlTests.c: In function 'main':
C:/Users/Baptiste Ramonda/Documents/GitHub/multithreading/build/_deps/curl-src/CMake/CurlTests.c:343:17: warning: implicit declaration of function 'ioctl' [-Wimplicit-function-declaration]
  343 |         if(0 != ioctl(0, FIONBIO, &flags))
      |                 ^~~~~
C:/Users/Baptiste Ramonda/Documents/GitHub/multithreading/build/_deps/curl-src/CMake/CurlTests.c:343:17: warning: nested extern declaration of 'ioctl' [-Wnested-externs]
C:/Users/Baptiste Ramonda/Documents/GitHub/multithreading/build/_deps/curl-src/CMake/CurlTests.c:343:26: error: 'FIONBIO' undeclared (first use in this function)
  343 |         if(0 != ioctl(0, FIONBIO, &flags))
      |                          ^~~~~~~
C:/Users/Baptiste Ramonda/Documents/GitHub/multithreading/build/_deps/curl-src/CMake/CurlTests.c:343:26: note: each undeclared identifier is reported only once for each function it appears in
ninja: build stopped: subcommand failed.


Performing Curl Test HAVE_IOCTL_SIOCGIFADDR failed with the following output:
Change Dir: 'C:/Users/Baptiste Ramonda/Documents/GitHub/multithreading/build/CMakeFiles/CMakeTmp'

Run Build Command(s): C:/Users/BAPTIS~1/ANACON~1/Library/bin/ninja.exe -v cmTC_d1241
[1/2] C:\msys64\mingw64\bin\cc.exe   -pedantic -Wall -W -Wpointer-arith -Wwrite-strings -Wunused -Wshadow -Winline -Wnested-externs -Wmissing-declarations -Wmissing-prototypes -Wfloat-equal -Wsign-compare -Wundef -Wendif-labels -Wstrict-prototypes -Wdeclaration-after-statement -Wstrict-aliasing=3 -Wcast-align -Wtype-limits -Wold-style-declaration -Wmissing-parameter-type -Wempty-body -Wclobbered -Wignored-qualifiers -Wconversion -Wvla -Wdouble-promotion -Wno-long-long -Wno-multichar -Wno-format-nonliteral -Wno-sign-conversion -Wno-system-headers -Wno-pedantic-ms-format -DHAVE_IOCTL_SIOCGIFADDR  -DHAVE_LIBSSH2_H -DHAVE_WINDOWS_H -DHAVE_WS2TCPIP_H -DHAVE_WINSOCK2_H -DHAVE_WINCRYPT_H -DHAVE_STDIO_H -DHAVE_SYS_STAT_H -DHAVE_SYS_TYPES_H -DHAVE_SYS_UTIME_H -DHAVE_ASSERT_H -DHAVE_ERRNO_H -DHAVE_FCNTL_H -DHAVE_IO_H -DHAVE_LIBGEN_H -DHAVE_LOCALE_H -DHAVE_SETJMP_H -DHAVE_SIGNAL_H -DHAVE_STDBOOL_H -DHAVE_STDIO_H -DHAVE_STDLIB_H -DHAVE_STRING_H -DHAVE_TIME_H -DHAVE_PROCESS_H -DHAVE_STDDEF_H -DHAVE_MALLOC_H -DHAVE_MEMORY_H -o CMakeFiles/cmTC_d1241.dir/CurlTests.c.obj -c "C:/Users/Baptiste Ramonda/Documents/GitHub/multithreading/build/_deps/curl-src/CMake/CurlTests.c"
FAILED: CMakeFiles/cmTC_d1241.dir/CurlTests.c.obj 
C:\msys64\mingw64\bin\cc.exe   -pedantic -Wall -W -Wpointer-arith -Wwrite-strings -Wunused -Wshadow -Winline -Wnested-externs -Wmissing-declarations -Wmissing-prototypes -Wfloat-equal -Wsign-compare -Wundef -Wendif-labels -Wstrict-prototypes -Wdeclaration-after-statement -Wstrict-aliasing=3 -Wcast-align -Wtype-limits -Wold-style-declaration -Wmissing-parameter-type -Wempty-body -Wclobbered -Wignored-qualifiers -Wconversion -Wvla -Wdouble-promotion -Wno-long-long -Wno-multichar -Wno-format-nonliteral -Wno-sign-conversion -Wno-system-headers -Wno-pedantic-ms-format -DHAVE_IOCTL_SIOCGIFADDR  -DHAVE_LIBSSH2_H -DHAVE_WINDOWS_H -DHAVE_WS2TCPIP_H -DHAVE_WINSOCK2_H -DHAVE_WINCRYPT_H -DHAVE_STDIO_H -DHAVE_SYS_STAT_H -DHAVE_SYS_TYPES_H -DHAVE_SYS_UTIME_H -DHAVE_ASSERT_H -DHAVE_ERRNO_H -DHAVE_FCNTL_H -DHAVE_IO_H -DHAVE_LIBGEN_H -DHAVE_LOCALE_H -DHAVE_SETJMP_H -DHAVE_SIGNAL_H -DHAVE_STDBOOL_H -DHAVE_STDIO_H -DHAVE_STDLIB_H -DHAVE_STRING_H -DHAVE_TIME_H -DHAVE_PROCESS_H -DHAVE_STDDEF_H -DHAVE_MALLOC_H -DHAVE_MEMORY_H -o CMakeFiles/cmTC_d1241.dir/CurlTests.c.obj -c "C:/Users/Baptiste Ramonda/Documents/GitHub/multithreading/build/_deps/curl-src/CMake/CurlTests.c"
C:/Users/Baptiste Ramonda/Documents/GitHub/multithreading/build/_deps/curl-src/CMake/CurlTests.c:368:10: fatal error: net/if.h: No such file or directory
  368 | #include <net/if.h>
      |          ^~~~~~~~~~
compilation terminated.
ninja: build stopped: subcommand failed.


Performing Curl Test HAVE_SETSOCKOPT_SO_NONBLOCK failed with the following output:
Change Dir: 'C:/Users/Baptiste Ramonda/Documents/GitHub/multithreading/build/CMakeFiles/CMakeTmp'

Run Build Command(s): C:/Users/BAPTIS~1/ANACON~1/Library/bin/ninja.exe -v cmTC_0da73
[1/2] C:\msys64\mingw64\bin\cc.exe   -pedantic -Wall -W -Wpointer-arith -Wwrite-strings -Wunused -Wshadow -Winline -Wnested-externs -Wmissing-declarations -Wmissing-prototypes -Wfloat-equal -Wsign-compare -Wundef -Wendif-labels -Wstrict-prototypes -Wdeclaration-after-statement -Wstrict-aliasing=3 -Wcast-align -Wtype-limits -Wold-style-declaration -Wmissing-parameter-type -Wempty-body -Wclobbered -Wignored-qualifiers -Wconversion -Wvla -Wdouble-promotion -Wno-long-long -Wno-multichar -Wno-format-nonliteral -Wno-sign-conversion -Wno-system-headers -Wno-pedantic-ms-format -DHAVE_SETSOCKOPT_SO_NONBLOCK  -DHAVE_LIBSSH2_H -DHAVE_WINDOWS_H -DHAVE_WS2TCPIP_H -DHAVE_WINSOCK2_H -DHAVE_WINCRYPT_H -DHAVE_STDIO_H -DHAVE_SYS_STAT_H -DHAVE_SYS_TYPES_H -DHAVE_SYS_UTIME_H -DHAVE_ASSERT_H -DHAVE_ERRNO_H -DHAVE_FCNTL_H -DHAVE_IO_H -DHAVE_LIBGEN_H -DHAVE_LOCALE_H -DHAVE_SETJMP_H -DHAVE_SIGNAL_H -DHAVE_STDBOOL_H -DHAVE_STDIO_H -DHAVE_STDLIB_H -DHAVE_STRING_H -DHAVE_TIME_H -DHAVE_PROCESS_H -DHAVE_STDDEF_H -DHAVE_MALLOC_H -DHAVE_MEMORY_H -o CMakeFiles/cmTC_0da73.dir/CurlTests.c.obj -c "C:/Users/Baptiste Ramonda/Documents/GitHub/multithreading/build/_deps/curl-src/CMake/CurlTests.c"
FAILED: CMakeFiles/cmTC_0da73.dir/CurlTests.c.obj 
C:\msys64\mingw64\bin\cc.exe   -pedantic -Wall -W -Wpointer-arith -Wwrite-strings -Wunused -Wshadow -Winline -Wnested-externs -Wmissing-declarations -Wmissing-prototypes -Wfloat-equal -Wsign-compare -Wundef -Wendif-labels -Wstrict-prototypes -Wdeclaration-after-statement -Wstrict-aliasing=3 -Wcast-align -Wtype-limits -Wold-style-declaration -Wmissing-parameter-type -Wempty-body -Wclobbered -Wignored-qualifiers -Wconversion -Wvla -Wdouble-promotion -Wno-long-long -Wno-multichar -Wno-format-nonliteral -Wno-sign-conversion -Wno-system-headers -Wno-pedantic-ms-format -DHAVE_SETSOCKOPT_SO_NONBLOCK  -DHAVE_LIBSSH2_H -DHAVE_WINDOWS_H -DHAVE_WS2TCPIP_H -DHAVE_WINSOCK2_H -DHAVE_WINCRYPT_H -DHAVE_STDIO_H -DHAVE_SYS_STAT_H -DHAVE_SYS_TYPES_H -DHAVE_SYS_UTIME_H -DHAVE_ASSERT_H -DHAVE_ERRNO_H -DHAVE_FCNTL_H -DHAVE_IO_H -DHAVE_LIBGEN_H -DHAVE_LOCALE_H -DHAVE_SETJMP_H -DHAVE_SIGNAL_H -DHAVE_STDBOOL_H -DHAVE_STDIO_H -DHAVE_STDLIB_H -DHAVE_STRING_H -DHAVE_TIME_H -DHAVE_PROCESS_H -DHAVE_STDDEF_H -DHAVE_MALLOC_H -DHAVE_MEMORY_H -o CMakeFiles/cmTC_0da73.dir/CurlTests.c.obj -c "C:/Users/Baptiste Ramonda/Documents/GitHub/multithreading/build/_deps/curl-src/CMake/CurlTests.c"
C:/Users/Baptiste Ramonda/Documents/GitHub/multithreading/build/_deps/curl-src/CMake/CurlTests.c:402:1: warning: function declaration isn't a prototype [-Wstrict-prototypes]
  402 | main ()
      | ^~~~
C:/Users/Baptiste Ramonda/Documents/GitHub/multithreading/build/_deps/curl-src/CMake/CurlTests.c: In function 'main':
C:/Users/Baptiste Ramonda/Documents/GitHub/multithreading/build/_deps/curl-src/CMake/CurlTests.c:404:43: error: 'SO_NONBLOCK' undeclared (first use in this function)
  404 |         if(0 != setsockopt(0, SOL_SOCKET, SO_NONBLOCK, 0, 0))
      |                                           ^~~~~~~~~~~
C:/Users/Baptiste Ramonda/Documents/GitHub/multithreading/build/_deps/curl-src/CMake/CurlTests.c:404:43: note: each undeclared identifier is reported only once for each function it appears in
ninja: build stopped: subcommand failed.


Performing Curl Test HAVE_SOCKADDR_IN6_SIN6_SCOPE_ID failed with the following output:
Change Dir: 'C:/Users/Baptiste Ramonda/Documents/GitHub/multithreading/build/CMakeFiles/CMakeTmp'

Run Build Command(s): C:/Users/BAPTIS~1/ANACON~1/Library/bin/ninja.exe -v cmTC_b975b
[1/2] C:\msys64\mingw64\bin\cc.exe   -pedantic -Wall -W -Wpointer-arith -Wwrite-strings -Wunused -Wshadow -Winline -Wnested-externs -Wmissing-declarations -Wmissing-prototypes -Wfloat-equal -Wsign-compare -Wundef -Wendif-labels -Wstrict-prototypes -Wdeclaration-after-statement -Wstrict-aliasing=3 -Wcast-align -Wtype-limits -Wold-style-declaration -Wmissing-parameter-type -Wempty-body -Wclobbered -Wignored-qualifiers -Wconversion -Wvla -Wdouble-promotion -Wno-long-long -Wno-multichar -Wno-format-nonliteral -Wno-sign-conversion -Wno-system-headers -Wno-pedantic-ms-format -DHAVE_SOCKADDR_IN6_SIN6_SCOPE_ID  -DHAVE_LIBSSH2_H -DHAVE_WINDOWS_H -DHAVE_WS2TCPIP_H -DHAVE_WINSOCK2_H -DHAVE_WINCRYPT_H -DHAVE_STDIO_H -DHAVE_SYS_STAT_H -DHAVE_SYS_TYPES_H -DHAVE_SYS_UTIME_H -DHAVE_ASSERT_H -DHAVE_ERRNO_H -DHAVE_FCNTL_H -DHAVE_IO_H -DHAVE_LIBGEN_H -DHAVE_LOCALE_H -DHAVE_SETJMP_H -DHAVE_SIGNAL_H -DHAVE_STDBOOL_H -DHAVE_STDIO_H -DHAVE_STDLIB_H -DHAVE_STRING_H -DHAVE_TIME_H -DHAVE_PROCESS_H -DHAVE_STDDEF_H -DHAVE_MALLOC_H -DHAVE_MEMORY_H -o CMakeFiles/cmTC_b975b.dir/CurlTests.c.obj -c "C:/Users/Baptiste Ramonda/Documents/GitHub/multithreading/build/_deps/curl-src/CMake/CurlTests.c"
C:/Users/Baptiste Ramonda/Documents/GitHub/multithreading/build/_deps/curl-src/CMake/CurlTests.c:517: warning: ISO C forbids an empty translation unit [-Wpedantic]
[2/2] cmd.exe /C "cd . && C:\msys64\mingw64\bin\cc.exe -pedantic -Wall -W -Wpointer-arith -Wwrite-strings -Wunused -Wshadow -Winline -Wnested-externs -Wmissing-declarations -Wmissing-prototypes -Wfloat-equal -Wsign-compare -Wundef -Wendif-labels -Wstrict-prototypes -Wdeclaration-after-statement -Wstrict-aliasing=3 -Wcast-align -Wtype-limits -Wold-style-declaration -Wmissing-parameter-type -Wempty-body -Wclobbered -Wignored-qualifiers -Wconversion -Wvla -Wdouble-promotion -Wno-long-long -Wno-multichar -Wno-format-nonliteral -Wno-sign-conversion -Wno-system-headers -Wno-pedantic-ms-format -DHAVE_SOCKADDR_IN6_SIN6_SCOPE_ID  -DHAVE_LIBSSH2_H -DHAVE_WINDOWS_H -DHAVE_WS2TCPIP_H -DHAVE_WINSOCK2_H -DHAVE_WINCRYPT_H -DHAVE_STDIO_H -DHAVE_SYS_STAT_H -DHAVE_SYS_TYPES_H -DHAVE_SYS_UTIME_H -DHAVE_ASSERT_H -DHAVE_ERRNO_H -DHAVE_FCNTL_H -DHAVE_IO_H -DHAVE_LIBGEN_H -DHAVE_LOCALE_H -DHAVE_SETJMP_H -DHAVE_SIGNAL_H -DHAVE_STDBOOL_H -DHAVE_STDIO_H -DHAVE_STDLIB_H -DHAVE_STRING_H -DHAVE_TIME_H -DHAVE_PROCESS_H -DHAVE_STDDEF_H -DHAVE_MALLOC_H -DHAVE_MEMORY_H  CMakeFiles/cmTC_b975b.dir/CurlTests.c.obj -o cmTC_b975b.exe -Wl,--out-implib,libcmTC_b975b.dll.a -Wl,--major-image-version,0,--minor-image-version,0  -lws2_32  -lkernel32 -luser32 -lgdi32 -lwinspool -lshell32 -lole32 -loleaut32 -luuid -lcomdlg32 -ladvapi32 && cd ."
FAILED: cmTC_b975b.exe 
cmd.exe /C "cd . && C:\msys64\mingw64\bin\cc.exe -pedantic -Wall -W -Wpointer-arith -Wwrite-strings -Wunused -Wshadow -Winline -Wnested-externs -Wmissing-declarations -Wmissing-prototypes -Wfloat-equal -Wsign-compare -Wundef -Wendif-labels -Wstrict-prototypes -Wdeclaration-after-statement -Wstrict-aliasing=3 -Wcast-align -Wtype-limits -Wold-style-declaration -Wmissing-parameter-type -Wempty-body -Wclobbered -Wignored-qualifiers -Wconversion -Wvla -Wdouble-promotion -Wno-long-long -Wno-multichar -Wno-format-nonliteral -Wno-sign-conversion -Wno-system-headers -Wno-pedantic-ms-format -DHAVE_SOCKADDR_IN6_SIN6_SCOPE_ID  -DHAVE_LIBSSH2_H -DHAVE_WINDOWS_H -DHAVE_WS2TCPIP_H -DHAVE_WINSOCK2_H -DHAVE_WINCRYPT_H -DHAVE_STDIO_H -DHAVE_SYS_STAT_H -DHAVE_SYS_TYPES_H -DHAVE_SYS_UTIME_H -DHAVE_ASSERT_H -DHAVE_ERRNO_H -DHAVE_FCNTL_H -DHAVE_IO_H -DHAVE_LIBGEN_H -DHAVE_LOCALE_H -DHAVE_SETJMP_H -DHAVE_SIGNAL_H -DHAVE_STDBOOL_H -DHAVE_STDIO_H -DHAVE_STDLIB_H -DHAVE_STRING_H -DHAVE_TIME_H -DHAVE_PROCESS_H -DHAVE_STDDEF_H -DHAVE_MALLOC_H -DHAVE_MEMORY_H  CMakeFiles/cmTC_b975b.dir/CurlTests.c.obj -o cmTC_b975b.exe -Wl,--out-implib,libcmTC_b975b.dll.a -Wl,--major-image-version,0,--minor-image-version,0  -lws2_32  -lkernel32 -luser32 -lgdi32 -lwinspool -lshell32 -lole32 -loleaut32 -luuid -lcomdlg32 -ladvapi32 && cd ."
C:/msys64/mingw64/bin/../lib/gcc/x86_64-w64-mingw32/12.2.0/../../../../x86_64-w64-mingw32/bin/ld.exe: C:/msys64/mingw64/bin/../lib/gcc/x86_64-w64-mingw32/12.2.0/../../../../lib/libmingw32.a(lib64_libmingw32_a-crtexewin.o): in function `main':
C:/M/mingw-w64-crt-git/src/mingw-w64/mingw-w64-crt/crt/crtexewin.c:70: undefined reference to `WinMain'
collect2.exe: error: ld returned 1 exit status
ninja: build stopped: subcommand failed.


Performing Curl Test HAVE_GLIBC_STRERROR_R failed with the following output:
Change Dir: 'C:/Users/Baptiste Ramonda/Documents/GitHub/multithreading/build/CMakeFiles/CMakeTmp'

Run Build Command(s): C:/Users/BAPTIS~1/ANACON~1/Library/bin/ninja.exe -v cmTC_f712c
[1/2] C:\msys64\mingw64\bin\cc.exe   -pedantic -Wall -W -Wpointer-arith -Wwrite-strings -Wunused -Wshadow -Winline -Wnested-externs -Wmissing-declarations -Wmissing-prototypes -Wfloat-equal -Wsign-compare -Wundef -Wendif-labels -Wstrict-prototypes -Wdeclaration-after-statement -Wstrict-aliasing=3 -Wcast-align -Wtype-limits -Wold-style-declaration -Wmissing-parameter-type -Wempty-body -Wclobbered -Wignored-qualifiers -Wconversion -Wvla -Wdouble-promotion -Wno-long-long -Wno-multichar -Wno-format-nonliteral -Wno-sign-conversion -Wno-system-headers -Wno-pedantic-ms-format -DHAVE_GLIBC_STRERROR_R  -DHAVE_LIBSSH2_H -DHAVE_WINDOWS_H -DHAVE_WS2TCPIP_H -DHAVE_WINSOCK2_H -DHAVE_WINCRYPT_H -DHAVE_STDIO_H -DHAVE_SYS_STAT_H -DHAVE_SYS_TYPES_H -DHAVE_SYS_UTIME_H -DHAVE_ASSERT_H -DHAVE_ERRNO_H -DHAVE_FCNTL_H -DHAVE_IO_H -DHAVE_LIBGEN_H -DHAVE_LOCALE_H -DHAVE_SETJMP_H -DHAVE_SIGNAL_H -DHAVE_STDBOOL_H -DHAVE_STDIO_H -DHAVE_STDLIB_H -DHAVE_STRING_H -DHAVE_TIME_H -DHAVE_PROCESS_H -DHAVE_STDDEF_H -DHAVE_MALLOC_H -DHAVE_MEMORY_H -o CMakeFiles/cmTC_f712c.dir/CurlTests.c.obj -c "C:/Users/Baptiste Ramonda/Documents/GitHub/multithreading/build/_deps/curl-src/CMake/CurlTests.c"
FAILED: CMakeFiles/cmTC_f712c.dir/CurlTests.c.obj 
C:\msys64\mingw64\bin\cc.exe   -pedantic -Wall -W -Wpointer-arith -Wwrite-strings -Wunused -Wshadow -Winline -Wnested-externs -Wmissing-declarations -Wmissing-prototypes -Wfloat-equal -Wsign-compare -Wundef -Wendif-labels -Wstrict-prototypes -Wdeclaration-after-statement -Wstrict-aliasing=3 -Wcast-align -Wtype-limits -Wold-style-declaration -Wmissing-parameter-type -Wempty-body -Wclobbered -Wignored-qualifiers -Wconversion -Wvla -Wdouble-promotion -Wno-long-long -Wno-multichar -Wno-format-nonliteral -Wno-sign-conversion -Wno-system-headers -Wno-pedantic-ms-format -DHAVE_GLIBC_STRERROR_R  -DHAVE_LIBSSH2_H -DHAVE_WINDOWS_H -DHAVE_WS2TCPIP_H -DHAVE_WINSOCK2_H -DHAVE_WINCRYPT_H -DHAVE_STDIO_H -DHAVE_SYS_STAT_H -DHAVE_SYS_TYPES_H -DHAVE_SYS_UTIME_H -DHAVE_ASSERT_H -DHAVE_ERRNO_H -DHAVE_FCNTL_H -DHAVE_IO_H -DHAVE_LIBGEN_H -DHAVE_LOCALE_H -DHAVE_SETJMP_H -DHAVE_SIGNAL_H -DHAVE_STDBOOL_H -DHAVE_STDIO_H -DHAVE_STDLIB_H -DHAVE_STRING_H -DHAVE_TIME_H -DHAVE_PROCESS_H -DHAVE_STDDEF_H -DHAVE_MALLOC_H -DHAVE_MEMORY_H -o CMakeFiles/cmTC_f712c.dir/CurlTests.c.obj -c "C:/Users/Baptiste Ramonda/Documents/GitHub/multithreading/build/_deps/curl-src/CMake/CurlTests.c"
C:/Users/Baptiste Ramonda/Documents/GitHub/multithreading/build/_deps/curl-src/CMake/CurlTests.c:414:6: warning: no previous prototype for 'check' [-Wmissing-prototypes]
  414 | void check(char c) {}
      |      ^~~~~
C:/Users/Baptiste Ramonda/Documents/GitHub/multithreading/build/_deps/curl-src/CMake/CurlTests.c: In function 'check':
C:/Users/Baptiste Ramonda/Documents/GitHub/multithreading/build/_deps/curl-src/CMake/CurlTests.c:414:17: warning: unused parameter 'c' [-Wunused-parameter]
  414 | void check(char c) {}
      |            ~~~~~^
C:/Users/Baptiste Ramonda/Documents/GitHub/multithreading/build/_deps/curl-src/CMake/CurlTests.c: At top level:
C:/Users/Baptiste Ramonda/Documents/GitHub/multithreading/build/_deps/curl-src/CMake/CurlTests.c:417:1: warning: function declaration isn't a prototype [-Wstrict-prototypes]
  417 | main () {
      | ^~~~
C:/Users/Baptiste Ramonda/Documents/GitHub/multithreading/build/_deps/curl-src/CMake/CurlTests.c: In function 'main':
C:/Users/Baptiste Ramonda/Documents/GitHub/multithreading/build/_deps/curl-src/CMake/CurlTests.c:420:9: warning: implicit declaration of function 'strerror_r'; did you mean 'strerror_s'? [-Wimplicit-function-declaration]
  420 |   check(strerror_r(EACCES, buffer, sizeof(buffer))[0]);
      |         ^~~~~~~~~~
      |         strerror_s
C:/Users/Baptiste Ramonda/Documents/GitHub/multithreading/build/_deps/curl-src/CMake/CurlTests.c:420:9: warning: nested extern declaration of 'strerror_r' [-Wnested-externs]
C:/Users/Baptiste Ramonda/Documents/GitHub/multithreading/build/_deps/curl-src/CMake/CurlTests.c:420:51: error: subscripted value is neither array nor pointer nor vector
  420 |   check(strerror_r(EACCES, buffer, sizeof(buffer))[0]);
      |                                                   ^
ninja: build stopped: subcommand failed.


Performing Curl Test HAVE_POSIX_STRERROR_R failed with the following output:
Change Dir: 'C:/Users/Baptiste Ramonda/Documents/GitHub/multithreading/build/CMakeFiles/CMakeTmp'

Run Build Command(s): C:/Users/BAPTIS~1/ANACON~1/Library/bin/ninja.exe -v cmTC_c6773
[1/2] C:\msys64\mingw64\bin\cc.exe   -pedantic -Wall -W -Wpointer-arith -Wwrite-strings -Wunused -Wshadow -Winline -Wnested-externs -Wmissing-declarations -Wmissing-prototypes -Wfloat-equal -Wsign-compare -Wundef -Wendif-labels -Wstrict-prototypes -Wdeclaration-after-statement -Wstrict-aliasing=3 -Wcast-align -Wtype-limits -Wold-style-declaration -Wmissing-parameter-type -Wempty-body -Wclobbered -Wignored-qualifiers -Wconversion -Wvla -Wdouble-promotion -Wno-long-long -Wno-multichar -Wno-format-nonliteral -Wno-sign-conversion -Wno-system-headers -Wno-pedantic-ms-format -DHAVE_POSIX_STRERROR_R  -DHAVE_LIBSSH2_H -DHAVE_WINDOWS_H -DHAVE_WS2TCPIP_H -DHAVE_WINSOCK2_H -DHAVE_WINCRYPT_H -DHAVE_STDIO_H -DHAVE_SYS_STAT_H -DHAVE_SYS_TYPES_H -DHAVE_SYS_UTIME_H -DHAVE_ASSERT_H -DHAVE_ERRNO_H -DHAVE_FCNTL_H -DHAVE_IO_H -DHAVE_LIBGEN_H -DHAVE_LOCALE_H -DHAVE_SETJMP_H -DHAVE_SIGNAL_H -DHAVE_STDBOOL_H -DHAVE_STDIO_H -DHAVE_STDLIB_H -DHAVE_STRING_H -DHAVE_TIME_H -DHAVE_PROCESS_H -DHAVE_STDDEF_H -DHAVE_MALLOC_H -DHAVE_MEMORY_H -o CMakeFiles/cmTC_c6773.dir/CurlTests.c.obj -c "C:/Users/Baptiste Ramonda/Documents/GitHub/multithreading/build/_deps/curl-src/CMake/CurlTests.c"
C:/Users/Baptiste Ramonda/Documents/GitHub/multithreading/build/_deps/curl-src/CMake/CurlTests.c:429:6: warning: no previous prototype for 'check' [-Wmissing-prototypes]
  429 | void check(float f) {}
      |      ^~~~~
C:/Users/Baptiste Ramonda/Documents/GitHub/multithreading/build/_deps/curl-src/CMake/CurlTests.c: In function 'check':
C:/Users/Baptiste Ramonda/Documents/GitHub/multithreading/build/_deps/curl-src/CMake/CurlTests.c:429:18: warning: unused parameter 'f' [-Wunused-parameter]
  429 | void check(float f) {}
      |            ~~~~~~^
C:/Users/Baptiste Ramonda/Documents/GitHub/multithreading/build/_deps/curl-src/CMake/CurlTests.c: At top level:
C:/Users/Baptiste Ramonda/Documents/GitHub/multithreading/build/_deps/curl-src/CMake/CurlTests.c:432:1: warning: function declaration isn't a prototype [-Wstrict-prototypes]
  432 | main () {
      | ^~~~
C:/Users/Baptiste Ramonda/Documents/GitHub/multithreading/build/_deps/curl-src/CMake/CurlTests.c: In function 'main':
C:/Users/Baptiste Ramonda/Documents/GitHub/multithreading/build/_deps/curl-src/CMake/CurlTests.c:435:9: warning: implicit declaration of function 'strerror_r'; did you mean 'strerror_s'? [-Wimplicit-function-declaration]
  435 |   check(strerror_r(EACCES, buffer, sizeof(buffer)));
      |         ^~~~~~~~~~
      |         strerror_s
C:/Users/Baptiste Ramonda/Documents/GitHub/multithreading/build/_deps/curl-src/CMake/CurlTests.c:435:9: warning: nested extern declaration of 'strerror_r' [-Wnested-externs]
C:/Users/Baptiste Ramonda/Documents/GitHub/multithreading/build/_deps/curl-src/CMake/CurlTests.c:435:9: warning: conversion from 'int' to 'float' may change value [-Wconversion]
  435 |   check(strerror_r(EACCES, buffer, sizeof(buffer)));
      |         ^~~~~~~~~~~~~~~~~~~~~~~~~~~~~~~~~~~~~~~~~~
[2/2] cmd.exe /C "cd . && C:\msys64\mingw64\bin\cc.exe -pedantic -Wall -W -Wpointer-arith -Wwrite-strings -Wunused -Wshadow -Winline -Wnested-externs -Wmissing-declarations -Wmissing-prototypes -Wfloat-equal -Wsign-compare -Wundef -Wendif-labels -Wstrict-prototypes -Wdeclaration-after-statement -Wstrict-aliasing=3 -Wcast-align -Wtype-limits -Wold-style-declaration -Wmissing-parameter-type -Wempty-body -Wclobbered -Wignored-qualifiers -Wconversion -Wvla -Wdouble-promotion -Wno-long-long -Wno-multichar -Wno-format-nonliteral -Wno-sign-conversion -Wno-system-headers -Wno-pedantic-ms-format -DHAVE_POSIX_STRERROR_R  -DHAVE_LIBSSH2_H -DHAVE_WINDOWS_H -DHAVE_WS2TCPIP_H -DHAVE_WINSOCK2_H -DHAVE_WINCRYPT_H -DHAVE_STDIO_H -DHAVE_SYS_STAT_H -DHAVE_SYS_TYPES_H -DHAVE_SYS_UTIME_H -DHAVE_ASSERT_H -DHAVE_ERRNO_H -DHAVE_FCNTL_H -DHAVE_IO_H -DHAVE_LIBGEN_H -DHAVE_LOCALE_H -DHAVE_SETJMP_H -DHAVE_SIGNAL_H -DHAVE_STDBOOL_H -DHAVE_STDIO_H -DHAVE_STDLIB_H -DHAVE_STRING_H -DHAVE_TIME_H -DHAVE_PROCESS_H -DHAVE_STDDEF_H -DHAVE_MALLOC_H -DHAVE_MEMORY_H  CMakeFiles/cmTC_c6773.dir/CurlTests.c.obj -o cmTC_c6773.exe -Wl,--out-implib,libcmTC_c6773.dll.a -Wl,--major-image-version,0,--minor-image-version,0  -lws2_32  -lkernel32 -luser32 -lgdi32 -lwinspool -lshell32 -lole32 -loleaut32 -luuid -lcomdlg32 -ladvapi32 && cd ."
FAILED: cmTC_c6773.exe 
cmd.exe /C "cd . && C:\msys64\mingw64\bin\cc.exe -pedantic -Wall -W -Wpointer-arith -Wwrite-strings -Wunused -Wshadow -Winline -Wnested-externs -Wmissing-declarations -Wmissing-prototypes -Wfloat-equal -Wsign-compare -Wundef -Wendif-labels -Wstrict-prototypes -Wdeclaration-after-statement -Wstrict-aliasing=3 -Wcast-align -Wtype-limits -Wold-style-declaration -Wmissing-parameter-type -Wempty-body -Wclobbered -Wignored-qualifiers -Wconversion -Wvla -Wdouble-promotion -Wno-long-long -Wno-multichar -Wno-format-nonliteral -Wno-sign-conversion -Wno-system-headers -Wno-pedantic-ms-format -DHAVE_POSIX_STRERROR_R  -DHAVE_LIBSSH2_H -DHAVE_WINDOWS_H -DHAVE_WS2TCPIP_H -DHAVE_WINSOCK2_H -DHAVE_WINCRYPT_H -DHAVE_STDIO_H -DHAVE_SYS_STAT_H -DHAVE_SYS_TYPES_H -DHAVE_SYS_UTIME_H -DHAVE_ASSERT_H -DHAVE_ERRNO_H -DHAVE_FCNTL_H -DHAVE_IO_H -DHAVE_LIBGEN_H -DHAVE_LOCALE_H -DHAVE_SETJMP_H -DHAVE_SIGNAL_H -DHAVE_STDBOOL_H -DHAVE_STDIO_H -DHAVE_STDLIB_H -DHAVE_STRING_H -DHAVE_TIME_H -DHAVE_PROCESS_H -DHAVE_STDDEF_H -DHAVE_MALLOC_H -DHAVE_MEMORY_H  CMakeFiles/cmTC_c6773.dir/CurlTests.c.obj -o cmTC_c6773.exe -Wl,--out-implib,libcmTC_c6773.dll.a -Wl,--major-image-version,0,--minor-image-version,0  -lws2_32  -lkernel32 -luser32 -lgdi32 -lwinspool -lshell32 -lole32 -loleaut32 -luuid -lcomdlg32 -ladvapi32 && cd ."
C:/msys64/mingw64/bin/../lib/gcc/x86_64-w64-mingw32/12.2.0/../../../../x86_64-w64-mingw32/bin/ld.exe: CMakeFiles/cmTC_c6773.dir/CurlTests.c.obj:CurlTests.c:(.text+0x34): undefined reference to `strerror_r'
collect2.exe: error: ld returned 1 exit status
ninja: build stopped: subcommand failed.


Performing Curl Test HAVE_BUILTIN_AVAILABLE failed with the following output:
Change Dir: 'C:/Users/Baptiste Ramonda/Documents/GitHub/multithreading/build/CMakeFiles/CMakeTmp'

Run Build Command(s): C:/Users/BAPTIS~1/ANACON~1/Library/bin/ninja.exe -v cmTC_22d43
[1/2] C:\msys64\mingw64\bin\cc.exe   -pedantic -Wall -W -Wpointer-arith -Wwrite-strings -Wunused -Wshadow -Winline -Wnested-externs -Wmissing-declarations -Wmissing-prototypes -Wfloat-equal -Wsign-compare -Wundef -Wendif-labels -Wstrict-prototypes -Wdeclaration-after-statement -Wstrict-aliasing=3 -Wcast-align -Wtype-limits -Wold-style-declaration -Wmissing-parameter-type -Wempty-body -Wclobbered -Wignored-qualifiers -Wconversion -Wvla -Wdouble-promotion -Wno-long-long -Wno-multichar -Wno-format-nonliteral -Wno-sign-conversion -Wno-system-headers -Wno-pedantic-ms-format -DHAVE_BUILTIN_AVAILABLE  -DHAVE_LIBSSH2_H -DHAVE_WINDOWS_H -DHAVE_WS2TCPIP_H -DHAVE_WINSOCK2_H -DHAVE_WINCRYPT_H -DHAVE_STDIO_H -DHAVE_SYS_STAT_H -DHAVE_SYS_TYPES_H -DHAVE_SYS_UTIME_H -DHAVE_ASSERT_H -DHAVE_ERRNO_H -DHAVE_FCNTL_H -DHAVE_IO_H -DHAVE_LIBGEN_H -DHAVE_LOCALE_H -DHAVE_SETJMP_H -DHAVE_SIGNAL_H -DHAVE_STDBOOL_H -DHAVE_STDIO_H -DHAVE_STDLIB_H -DHAVE_STRING_H -DHAVE_TIME_H -DHAVE_PROCESS_H -DHAVE_STDDEF_H -DHAVE_MALLOC_H -DHAVE_MEMORY_H -o CMakeFiles/cmTC_22d43.dir/CurlTests.c.obj -c "C:/Users/Baptiste Ramonda/Documents/GitHub/multithreading/build/_deps/curl-src/CMake/CurlTests.c"
FAILED: CMakeFiles/cmTC_22d43.dir/CurlTests.c.obj 
C:\msys64\mingw64\bin\cc.exe   -pedantic -Wall -W -Wpointer-arith -Wwrite-strings -Wunused -Wshadow -Winline -Wnested-externs -Wmissing-declarations -Wmissing-prototypes -Wfloat-equal -Wsign-compare -Wundef -Wendif-labels -Wstrict-prototypes -Wdeclaration-after-statement -Wstrict-aliasing=3 -Wcast-align -Wtype-limits -Wold-style-declaration -Wmissing-parameter-type -Wempty-body -Wclobbered -Wignored-qualifiers -Wconversion -Wvla -Wdouble-promotion -Wno-long-long -Wno-multichar -Wno-format-nonliteral -Wno-sign-conversion -Wno-system-headers -Wno-pedantic-ms-format -DHAVE_BUILTIN_AVAILABLE  -DHAVE_LIBSSH2_H -DHAVE_WINDOWS_H -DHAVE_WS2TCPIP_H -DHAVE_WINSOCK2_H -DHAVE_WINCRYPT_H -DHAVE_STDIO_H -DHAVE_SYS_STAT_H -DHAVE_SYS_TYPES_H -DHAVE_SYS_UTIME_H -DHAVE_ASSERT_H -DHAVE_ERRNO_H -DHAVE_FCNTL_H -DHAVE_IO_H -DHAVE_LIBGEN_H -DHAVE_LOCALE_H -DHAVE_SETJMP_H -DHAVE_SIGNAL_H -DHAVE_STDBOOL_H -DHAVE_STDIO_H -DHAVE_STDLIB_H -DHAVE_STRING_H -DHAVE_TIME_H -DHAVE_PROCESS_H -DHAVE_STDDEF_H -DHAVE_MALLOC_H -DHAVE_MEMORY_H -o CMakeFiles/cmTC_22d43.dir/CurlTests.c.obj -c "C:/Users/Baptiste Ramonda/Documents/GitHub/multithreading/build/_deps/curl-src/CMake/CurlTests.c"
C:/Users/Baptiste Ramonda/Documents/GitHub/multithreading/build/_deps/curl-src/CMake/CurlTests.c:466:1: warning: function declaration isn't a prototype [-Wstrict-prototypes]
  466 | main() {
      | ^~~~
C:/Users/Baptiste Ramonda/Documents/GitHub/multithreading/build/_deps/curl-src/CMake/CurlTests.c: In function 'main':
C:/Users/Baptiste Ramonda/Documents/GitHub/multithreading/build/_deps/curl-src/CMake/CurlTests.c:467:6: warning: implicit declaration of function '__builtin_available'; did you mean '__builtin_scalbl'? [-Wimplicit-function-declaration]
  467 |   if(__builtin_available(macOS 10.12, *)) {}
      |      ^~~~~~~~~~~~~~~~~~~
      |      __builtin_scalbl
C:/Users/Baptiste Ramonda/Documents/GitHub/multithreading/build/_deps/curl-src/CMake/CurlTests.c:467:6: warning: nested extern declaration of '__builtin_available' [-Wnested-externs]
C:/Users/Baptiste Ramonda/Documents/GitHub/multithreading/build/_deps/curl-src/CMake/CurlTests.c:467:26: error: 'macOS' undeclared (first use in this function)
  467 |   if(__builtin_available(macOS 10.12, *)) {}
      |                          ^~~~~
C:/Users/Baptiste Ramonda/Documents/GitHub/multithreading/build/_deps/curl-src/CMake/CurlTests.c:467:26: note: each undeclared identifier is reported only once for each function it appears in
C:/Users/Baptiste Ramonda/Documents/GitHub/multithreading/build/_deps/curl-src/CMake/CurlTests.c:467:31: error: expected ')' before numeric constant
  467 |   if(__builtin_available(macOS 10.12, *)) {}
      |                         ~     ^~~~~~
      |                               )
ninja: build stopped: subcommand failed.


